2016-06-28 13:17:41,251 [Worker-15] INFO  o.e.m.c.i.e.AbstractTransferListenerAdapter - Downloaded https://repo.maven.apache.org/maven2/com/camelinaction/parent/1.0.0/parent-1.0.0.pom
2016-06-28 13:17:42,256 [Worker-15] INFO  o.e.m.c.i.p.ProjectConfigurationManager - Imported and configured 2 project(s) in 11 sec
2016-06-28 14:29:37,139 [Worker-3] INFO  o.e.m.c.i.l.LifecycleMappingFactory - Using org.eclipse.m2e.jdt.JarLifecycleMapping lifecycle mapping for MavenProject: com.camel.training:example1-file-copy:1.0.0 @ D:\Training_project\ApacheCamel\example1\pom.xml.
2016-06-28 14:30:01,700 [Worker-3] INFO  o.e.m.j.i.AbstractJavaProjectConfigurator - Adding source folder /example1/src/main/java
2016-06-28 14:30:01,701 [Worker-3] INFO  o.e.m.j.i.AbstractJavaProjectConfigurator - Adding resource folder /example1/src/main/resources
2016-06-28 14:30:01,720 [Worker-3] INFO  o.e.m.j.i.AbstractJavaProjectConfigurator - Adding source folder /example1/src/test/java
2016-06-28 14:30:08,084 [Worker-3] INFO  o.e.m.c.i.p.ProjectConfigurationManager - Imported and configured 1 project(s) in 40 sec
2016-06-28 14:30:54,360 [Worker-3] INFO  o.e.m.c.i.embedder.EclipseLogger - Using 'UTF-8' encoding to copy filtered resources.
2016-06-28 14:30:54,489 [Worker-3] INFO  o.e.m.c.i.embedder.EclipseLogger - Copying 1 resource
2016-06-28 14:30:54,544 [Worker-3] INFO  o.e.m.c.i.embedder.EclipseLogger - Using 'UTF-8' encoding to copy filtered resources.
2016-06-28 14:30:54,545 [Worker-3] INFO  o.e.m.c.i.embedder.EclipseLogger - skip non existing resourceDirectory D:\Training_project\ApacheCamel\example1\src\test\resources
2016-06-28 14:39:58,293 [Worker-16] INFO  o.e.m.c.i.embedder.EclipseLogger - Using 'UTF-8' encoding to copy filtered resources.
2016-06-28 14:39:58,419 [Worker-16] INFO  o.e.m.c.i.embedder.EclipseLogger - Copying 1 resource
2016-06-28 14:39:58,445 [Worker-16] INFO  o.e.m.c.i.embedder.EclipseLogger - Using 'UTF-8' encoding to copy filtered resources.
2016-06-28 14:39:58,445 [Worker-16] INFO  o.e.m.c.i.embedder.EclipseLogger - skip non existing resourceDirectory D:\Training_project\ApacheCamel\example1\src\test\resources
2016-06-28 15:28:58,720 [Worker-11] INFO  o.e.m.i.launch.MavenLaunchDelegate - D:\Training_project\ApacheCamel\example1
2016-06-28 15:28:58,723 [Worker-11] INFO  o.e.m.i.launch.MavenLaunchDelegate -  mvn -B install
2016-06-28 15:30:49,537 [Worker-25] INFO  o.e.m.c.i.embedder.EclipseLogger - Using 'UTF-8' encoding to copy filtered resources.
2016-06-28 15:30:49,538 [Worker-25] INFO  o.e.m.c.i.embedder.EclipseLogger - Copying 0 resource
2016-06-28 15:30:49,541 [Worker-25] INFO  o.e.m.c.i.embedder.EclipseLogger - Using 'UTF-8' encoding to copy filtered resources.
2016-06-28 15:30:49,541 [Worker-25] INFO  o.e.m.c.i.embedder.EclipseLogger - skip non existing resourceDirectory D:\Training_project\ApacheCamel\example1\src\test\resources
2016-06-28 16:04:38,226 [Worker-31] INFO  o.e.m.c.i.embedder.EclipseLogger - Using 'UTF-8' encoding to copy filtered resources.
2016-06-28 16:04:38,229 [Worker-31] INFO  o.e.m.c.i.embedder.EclipseLogger - Copying 1 resource
2016-06-28 16:04:38,232 [Worker-31] INFO  o.e.m.c.i.embedder.EclipseLogger - Using 'UTF-8' encoding to copy filtered resources.
2016-06-28 16:04:38,233 [Worker-31] INFO  o.e.m.c.i.embedder.EclipseLogger - skip non existing resourceDirectory D:\Training_project\ApacheCamel\example1\src\test\resources
2016-06-28 16:05:45,502 [Worker-30] INFO  o.e.m.c.i.embedder.EclipseLogger - Using 'UTF-8' encoding to copy filtered resources.
2016-06-28 16:05:45,504 [Worker-30] INFO  o.e.m.c.i.embedder.EclipseLogger - Copying 1 resource
2016-06-28 16:05:45,507 [Worker-30] INFO  o.e.m.c.i.embedder.EclipseLogger - Using 'UTF-8' encoding to copy filtered resources.
2016-06-28 16:05:45,507 [Worker-30] INFO  o.e.m.c.i.embedder.EclipseLogger - skip non existing resourceDirectory D:\Training_project\ApacheCamel\example1\src\test\resources
