2016-07-08 15:11:54,184 - os.name - Windows 10
2016-07-08 15:11:54,185 - os.arch - amd64
2016-07-08 15:11:54,185 - os.version - 10.0
2016-07-08 15:11:54,185 - java.version - 1.8.0_74
2016-07-08 15:11:54,185 - java.vendor - Oracle Corporation
2016-07-08 15:11:54,185 - java.vendor.url - http://java.oracle.com/
2016-07-08 15:11:54,185 - java.home - C:\Program Files\Java\jdk1.8.0_74\jre
2016-07-08 15:11:54,185 - java.vm.specification.name - Java Virtual Machine Specification
2016-07-08 15:11:54,185 - java.vm.specification.vendor - Oracle Corporation
2016-07-08 15:11:54,185 - java.vm.specification.version - 1.8
2016-07-08 15:11:54,186 - java.class.path - D:\sts-bundle\sts-3.7.3.RELEASE\\plugins/org.eclipse.equinox.launcher_1.3.200.v20151021-1308.jar
2016-07-08 15:11:54,186 - java.library.path - D:\sts-bundle\sts-3.7.3.RELEASE;C:\Windows\Sun\Java\bin;C:\Windows\system32;C:\Windows;C:/Program Files/Java/jdk1.8.0_74//bin/../jre/bin/server;C:/Program Files/Java/jdk1.8.0_74//bin/../jre/bin;C:/Program Files/Java/jdk1.8.0_74//bin/../jre/lib/amd64;C:\Program Files (x86)\Intel\iCLS Client\;C:\Program Files\Intel\iCLS Client\;C:\Windows\system32;C:\Windows;C:\Windows\System32\Wbem;C:\Windows\System32\WindowsPowerShell\v1.0\;C:\Program Files (x86)\Intel\Intel(R) Management Engine Components\DAL;C:\Program Files\Intel\Intel(R) Management Engine Components\DAL;C:\Program Files (x86)\Intel\Intel(R) Management Engine Components\IPT;C:\Program Files\Intel\Intel(R) Management Engine Components\IPT;C:\Program Files\Java\jdk1.8.0_74\\bin;D:\DISCOVERY\nodejs\;D:\apache-maven-3.2.2\bin;D:\Git\cmd;D:\sts-bundle\sts-3.7.3.RELEASE;;.
2016-07-08 15:11:54,186 - --------------------------------------
2016-07-08 15:11:54,186 - ## Eclipse Plug-ins Log Information ##
2016-07-08 15:11:54,186 - --------------------------------------
2016-07-08 15:11:54,252 - javax.el - 2.2.0.v201303151357
2016-07-08 15:11:54,254 - javax.servlet - 3.1.0.v201410161800
2016-07-08 15:11:54,255 - javax.servlet.jsp - 2.2.0.v201112011158
2016-07-08 15:11:54,256 - com.sun.el - 2.2.0.v201303151357
2016-07-08 15:11:54,257 - org.apache.commons.logging - 1.1.1.v201101211721
2016-07-08 15:11:54,259 - org.apache.jasper.glassfish - 2.2.2.v201501141630
2016-07-08 15:11:54,261 - org.apache.lucene.analysis - 3.5.0.v20120725-1805
2016-07-08 15:11:54,298 - org.apache.lucene.core - 3.5.0.v20120725-1805
2016-07-08 15:11:54,300 - org.eclipse.equinox.http.jetty - 3.3.0.v20160324-1850
2016-07-08 15:11:54,301 - org.eclipse.equinox.http.registry - 1.1.400.v20150715-1528
2016-07-08 15:11:54,397 - org.eclipse.equinox.http.servlet - 1.3.0.v20160517-1559
2016-07-08 15:11:54,399 - org.eclipse.equinox.jsp.jasper - 1.0.500.v20150119-1358
2016-07-08 15:11:54,400 - org.eclipse.equinox.jsp.jasper.registry - 1.0.300.v20130327-1442
2016-07-08 15:11:54,400 - org.eclipse.help.base - 4.1.0.v20160606-1100
2016-07-08 15:11:54,416 - org.eclipse.help.ui - 4.0.200.v20160510-0758
2016-07-08 15:11:54,430 - org.eclipse.help.webapp - 3.8.0.v20160504-0839
2016-07-08 15:11:54,432 - org.eclipse.jetty.continuation - 9.3.9.v20160517
2016-07-08 15:11:54,433 - org.eclipse.jetty.http - 9.3.9.v20160517
2016-07-08 15:11:54,435 - org.eclipse.jetty.io - 9.3.9.v20160517
2016-07-08 15:11:54,436 - org.eclipse.jetty.security - 9.3.9.v20160517
2016-07-08 15:11:54,438 - org.eclipse.jetty.server - 9.3.9.v20160517
2016-07-08 15:11:54,440 - org.eclipse.jetty.servlet - 9.3.9.v20160517
2016-07-08 15:11:54,442 - org.eclipse.jetty.util - 9.3.9.v20160517
2016-07-08 15:11:54,444 - org.eclipse.core.net - 1.3.0.v20160418-1534
2016-07-08 15:11:54,446 - org.eclipse.equinox.security - 1.2.200.v20150715-1528
2016-07-08 15:11:54,508 - org.eclipse.mylyn.bugzilla.core - 3.18.0.v20151009-2340
2016-07-08 15:11:54,521 - org.eclipse.mylyn.bugzilla.ui - 3.18.0.v20151009-2340
2016-07-08 15:11:54,548 - org.eclipse.andmore.hierarchyviewer - 0.5.0.201605181018
2016-07-08 15:11:54,635 - org.eclipse.sequoyah.device.backward - 2.1.0.N20120718-0509
2016-07-08 15:11:54,635 - org.eclipse.sequoyah.device.framework - 2.1.0.N20120718-0509
2016-07-08 15:11:54,636 - org.eclipse.sequoyah.device.framework.ui - 2.1.0.N20120718-0509
2016-07-08 15:11:54,637 - org.eclipse.sequoyah.device.service.start - 2.1.0.N20120718-0509
2016-07-08 15:11:54,638 - org.eclipse.sequoyah.device.service.stop - 2.1.0.N20120718-0509
2016-07-08 15:11:54,639 - org.eclipse.sequoyah.device.framework.wizard - 2.1.0.N20120718-0509
2016-07-08 15:11:54,719 - org.eclipse.mylyn.tasks.core - 3.18.0.v20151202-0115
2016-07-08 15:11:54,720 - org.eclipse.mylyn.tasks.index.core - 3.18.0.v20151012-1647
2016-07-08 15:11:54,721 - org.eclipse.mylyn.tasks.index.ui - 3.18.0.v20151009-2340
2016-07-08 15:11:54,723 - org.eclipse.mylyn.tasks.search - 3.18.0.v20151009-2340
2016-07-08 15:11:54,725 - org.eclipse.mylyn.tasks.ui - 3.18.0.v20151211-2235
2016-07-08 15:11:54,754 - org.eclipse.jpt.dbws.eclipselink.ui - 1.1.101.v201510091940
2016-07-08 15:11:54,756 - org.eclipse.jpt.dbws.eclipselink.core.gen - 1.1.100.v201510091940
2016-07-08 15:11:54,757 - javax.wsdl - 1.6.2.v201012040545
2016-07-08 15:11:54,759 - org.eclipse.persistence.dbws - 2.6.0.v20140809-296a69f
2016-07-08 15:11:54,760 - org.eclipse.persistence.dbws.builder - 2.6.0.v20140809-296a69f
2016-07-08 15:11:54,760 - org.eclipse.jpt.dbws.eclipselink.branding - 1.2.100.v201309202144
2016-07-08 15:11:55,088 - org.eclipse.egit.core - 4.2.0.201601211800-r
2016-07-08 15:11:55,162 - org.eclipse.egit.ui - 4.2.0.201601211800-r
2016-07-08 15:11:55,162 - org.eclipse.egit - 4.2.0.201601211800-r
2016-07-08 15:11:55,462 - org.eclipse.egit.doc - 4.2.0.201601211800-r
2016-07-08 15:11:56,391 - org.eclipse.aether.maven - 3.1.0.v20140706-2237
2016-07-08 15:11:56,725 - org.eclipse.gef - 3.11.0.201606061308
2016-07-08 15:11:57,346 - org.eclipse.mylyn.commons.identity.core - 1.10.0.v20151009-1724
2016-07-08 15:11:58,287 - javax.persistence - 2.1.0.v201304241213
2016-07-08 15:11:58,289 - org.eclipse.jpt.jpa.annotate - 1.0.100.v201309261652
2016-07-08 15:11:58,323 - org.eclipse.jpt.jpa.core - 3.4.0.v201601131911
2016-07-08 15:11:58,324 - org.eclipse.jpt.jpa.db - 2.2.100.v201510272041
2016-07-08 15:11:58,325 - org.eclipse.jpt.jpa.db.ui - 2.1.100.v201510272041
2016-07-08 15:11:58,326 - org.eclipse.jpt.jpa.gen - 2.3.200.v201512212242
2016-07-08 15:11:58,345 - org.eclipse.jpt.jpa.ui - 3.4.0.v201601152356
2016-07-08 15:11:58,346 - org.eclipse.jpt.doc.user - 3.2.100.v201308231650
2016-07-08 15:11:58,347 - org.eclipse.persistence.jpa.jpql - 2.6.0.v20140809-296a69f
2016-07-08 15:11:58,347 - org.apache.commons.collections - 3.2.2.v201511171945
2016-07-08 15:11:58,348 - org.apache.commons.lang - 2.6.0.v201404270220
2016-07-08 15:11:58,349 - org.apache.velocity - 1.5.0.v200905192330
2016-07-08 15:11:58,349 - org.jdom - 1.1.1.v201101151400
2016-07-08 15:11:58,349 - org.eclipse.jpt.jpa.branding - 3.4.0.v201309202144
2016-07-08 15:11:58,424 - org.eclipse.tm.terminal.view.core - 4.0.0.201505101440
2016-07-08 15:11:58,442 - org.eclipse.tm.terminal.view.ui - 4.0.0.201506031417
2016-07-08 15:11:58,500 - org.eclipse.emf.codegen.ui - 2.6.0.v20160526-0356
2016-07-08 15:11:58,665 - org.eclipse.datatools.enablement.sqlite - 1.1.0.201603142002
2016-07-08 15:11:58,665 - org.eclipse.datatools.enablement.sqlite.dbdefinition - 1.1.0.201603142002
2016-07-08 15:11:58,666 - org.eclipse.datatools.enablement.sqlite.ui - 1.1.0.201603142002
2016-07-08 15:11:58,666 - org.eclipse.datatools.enablement.finfo - 1.6.0.201603142002
2016-07-08 15:11:58,739 - org.springsource.sts - 3.7.3.201602251025-RELEASE
2016-07-08 15:11:58,740 - com.sun.syndication - 0.9.0.v200803061811
2016-07-08 15:11:58,740 - org.jdom - 1.1.1.v201101151400
2016-07-08 15:11:58,759 - org.springframework.ide.eclipse.integration - 3.7.3.201602250914-RELEASE
2016-07-08 15:11:58,897 - org.eclipse.mylyn.commons.notifications.core - 1.10.0.v20151009-1724
2016-07-08 15:11:58,899 - org.eclipse.mylyn.commons.notifications.feed - 1.10.0.v20151009-1724
2016-07-08 15:11:58,901 - org.eclipse.mylyn.commons.notifications.ui - 1.10.0.v20151102-1814
2016-07-08 15:11:58,949 - org.sonatype.m2e.buildhelper - 0.15.0.201207090124
2016-07-08 15:11:59,014 - org.eclipse.emf.converter - 2.7.0.v20160526-0356
2016-07-08 15:11:59,015 - org.eclipse.emf.importer - 2.9.0.v20160526-0356
2016-07-08 15:11:59,016 - org.eclipse.emf.exporter - 2.7.0.v20160526-0356
2016-07-08 15:11:59,016 - org.eclipse.emf.importer.ecore - 2.8.0.v20160526-0356
2016-07-08 15:11:59,017 - org.eclipse.emf.importer.java - 2.7.0.v20160526-0356
2016-07-08 15:11:59,017 - org.eclipse.emf.importer.rose - 2.8.0.v20160526-0356
2016-07-08 15:11:59,091 - org.eclipse.recommenders.rcp - 2.3.0.v20160201-0907
2016-07-08 15:11:59,092 - org.eclipse.recommenders.apidocs - 2.3.0.v20150716-1750
2016-07-08 15:11:59,092 - org.eclipse.recommenders.apidocs.rcp - 2.3.0.v20160113-1522
2016-07-08 15:11:59,093 - org.eclipse.recommenders.calls - 2.3.0.v20160113-1522
2016-07-08 15:11:59,093 - org.eclipse.recommenders.calls.rcp - 2.3.0.v20160129-0944
2016-07-08 15:11:59,094 - org.eclipse.recommenders.chain.rcp - 2.3.0.v20160113-1522
2016-07-08 15:11:59,108 - org.eclipse.recommenders.completion.rcp - 2.3.0.v20160129-0944
2016-07-08 15:11:59,108 - org.eclipse.recommenders.constructors - 2.3.0.v20151026-1811
2016-07-08 15:11:59,109 - org.eclipse.recommenders.constructors.rcp - 2.3.0.v20160129-0944
2016-07-08 15:11:59,110 - org.eclipse.recommenders.coordinates - 2.3.0.v20151209-1536
2016-07-08 15:11:59,110 - org.eclipse.recommenders.coordinates.rcp - 2.3.0.v20151209-1536
2016-07-08 15:11:59,111 - org.eclipse.recommenders.injection - 2.3.0.v20151209-1536
2016-07-08 15:11:59,111 - org.eclipse.recommenders.jayes - 2.3.0.v20160113-1522
2016-07-08 15:11:59,112 - org.eclipse.recommenders.jayes.io - 2.3.0.v20160113-1522
2016-07-08 15:11:59,112 - org.eclipse.recommenders.jdt - 2.3.0.v20160201-0907
2016-07-08 15:11:59,113 - org.eclipse.recommenders.models - 2.3.0.v20151209-1536
2016-07-08 15:11:59,114 - org.eclipse.recommenders.models.rcp - 2.3.0.v20160113-1522
2016-07-08 15:11:59,114 - org.eclipse.recommenders.net - 2.3.0.v20151026-1811
2016-07-08 15:11:59,115 - org.eclipse.recommenders.overrides - 2.3.0.v20160113-1522
2016-07-08 15:11:59,115 - org.eclipse.recommenders.overrides.rcp - 2.3.0.v20160129-0944
2016-07-08 15:11:59,116 - org.eclipse.recommenders.subwords.rcp - 2.3.0.v20151110-1418
2016-07-08 15:11:59,117 - org.eclipse.recommenders.types.rcp - 2.3.0.v20151209-1536
2016-07-08 15:11:59,117 - org.eclipse.recommenders.utils - 2.3.0.v20160201-1617
2016-07-08 15:11:59,118 - org.eclipse.recommenders.utils.rcp - 2.3.0.v20160106-1243
2016-07-08 15:11:59,177 - org.eclipse.datatools.enablement.postgresql.dbdefinition - 1.1.0.201603142002
2016-07-08 15:11:59,178 - org.eclipse.datatools.enablement.postgresql - 1.2.0.201603142002
2016-07-08 15:11:59,179 - org.eclipse.datatools.enablement.postgresql.ui - 1.1.0.201603142002
2016-07-08 15:11:59,179 - org.eclipse.datatools.enablement.finfo - 1.6.0.201603142002
2016-07-08 15:11:59,206 - org.eclipse.datatools.enablement.oda.ws.ui - 1.3.0.201603142002
2016-07-08 15:11:59,206 - org.eclipse.datatools.enablement.oda.xml.ui - 1.3.0.201603142002
2016-07-08 15:11:59,207 - org.eclipse.datatools.connectivity.oda.flatfile.ui - 3.2.0.201603142002
2016-07-08 15:11:59,264 - org.eclipse.datatools.connectivity.oda.design.ui - 3.3.0.201603142002
2016-07-08 15:11:59,266 - org.eclipse.datatools.connectivity.ui.dse - 1.2.0.201603142002
2016-07-08 15:11:59,277 - org.eclipse.datatools.connectivity.ui - 1.3.0.201603142002
2016-07-08 15:11:59,287 - org.eclipse.datatools.connectivity.sqm.core - 1.3.0.201603142002
2016-07-08 15:11:59,288 - org.eclipse.datatools.help - 1.6.0.201603142002
2016-07-08 15:11:59,405 - org.eclipse.m2e.wtp.jsf - 1.3.0.20151111-2338
2016-07-08 15:11:59,425 - org.eclipse.datatools.connectivity.db.generic - 1.1.0.201603142002
2016-07-08 15:11:59,427 - org.eclipse.datatools.connectivity.db.generic.ui - 1.1.0.201603142002
2016-07-08 15:11:59,429 - org.eclipse.datatools.connectivity.dbdefinition.genericJDBC - 1.1.0.201603142002
2016-07-08 15:11:59,456 - org.eclipse.emf.mapping - 2.9.0.v20160526-0356
2016-07-08 15:11:59,505 - org.springframework.ide.eclipse.webflow.mylyn - 3.7.3.201602250914-RELEASE
2016-07-08 15:11:59,506 - org.springframework.ide.eclipse.beans.mylyn - 3.7.3.201602250914-RELEASE
2016-07-08 15:11:59,507 - org.springframework.ide.eclipse.aop.mylyn - 3.7.3.201602250914-RELEASE
2016-07-08 15:11:59,508 - org.springframework.ide.eclipse.mylyn - 3.7.3.201602250914-RELEASE
2016-07-08 15:11:59,529 - org.eclipse.wst.common.project.facet.core - 1.4.300.v201111030423
2016-07-08 15:11:59,611 - org.eclipse.wst.common.project.facet.ui - 1.4.600.v201505072140
2016-07-08 15:11:59,622 - org.eclipse.emf.ecore - 2.12.0.v20160420-0247
2016-07-08 15:11:59,623 - org.eclipse.emf.ecore.change - 2.11.0.v20160420-0247
2016-07-08 15:11:59,623 - org.eclipse.emf.ecore.xmi - 2.12.0.v20160420-0247
2016-07-08 15:11:59,710 - org.eclipse.datatools.intro - 1.7.0.v201005281800
2016-07-08 15:11:59,724 - com.ianbrandt.tools.m2e.mdp.core - 0.0.4.201409291703
2016-07-08 15:11:59,761 - org.eclipse.jst.common.project.facet.core - 1.4.500.v201508121553
2016-07-08 15:11:59,763 - org.eclipse.jst.common.project.facet.ui - 1.4.510.v201501141810
2016-07-08 15:11:59,829 - org.eclipse.jgit - 4.2.0.201601211800-r
2016-07-08 15:11:59,830 - org.eclipse.jgit.archive - 4.2.0.201601211800-r
2016-07-08 15:11:59,831 - com.jcraft.jsch - 0.1.53.v201508180515
2016-07-08 15:11:59,831 - javaewah - 0.7.9.v201401101600
2016-07-08 15:11:59,832 - org.apache.commons.compress - 1.6.0.v201310281400
2016-07-08 15:11:59,834 - org.slf4j.api - 1.7.2.v20121108-1250
2016-07-08 15:11:59,834 - org.slf4j.impl.log4j12 - 1.7.2.v20131105-2200
2016-07-08 15:11:59,886 - org.apache.log4j - 1.2.15.v201012070815
2016-07-08 15:12:00,322 - org.eclipse.mylyn.wikitext.core - 2.7.0.v20151015-1452
2016-07-08 15:12:00,323 - org.eclipse.mylyn.wikitext.core.ant - 2.7.0.v20151009-1723
2016-07-08 15:12:00,325 - org.eclipse.mylyn.wikitext.core.osgi - 2.7.0.v20151009-1723
2016-07-08 15:12:00,326 - org.eclipse.mylyn.wikitext.textile.core - 2.7.0.v20151009-1723
2016-07-08 15:12:00,328 - org.eclipse.mylyn.wikitext.html.core - 2.7.0.v20151015-1452
2016-07-08 15:12:00,329 - org.eclipse.mylyn.wikitext.markdown.core - 2.7.0.v20151009-1723
2016-07-08 15:12:00,331 - org.eclipse.mylyn.wikitext.mediawiki.core - 2.7.0.v20151009-1723
2016-07-08 15:12:00,333 - org.eclipse.mylyn.wikitext.confluence.core - 2.7.0.v20151009-1723
2016-07-08 15:12:00,335 - org.eclipse.mylyn.wikitext.tracwiki.core - 2.7.0.v20151009-1723
2016-07-08 15:12:00,337 - org.eclipse.mylyn.wikitext.twiki.core - 2.7.0.v20151009-1723
2016-07-08 15:12:00,661 - org.eclipse.mylyn.wikitext.ui - 2.7.0.v20151009-1723
2016-07-08 15:12:00,663 - org.eclipse.mylyn.wikitext.help.ui - 2.7.0.v20151009-1723
2016-07-08 15:12:00,665 - org.eclipse.mylyn.wikitext.textile.ui - 2.7.0.v20151009-1723
2016-07-08 15:12:00,667 - org.eclipse.mylyn.wikitext.markdown.ui - 2.7.0.v20151009-1723
2016-07-08 15:12:00,669 - org.eclipse.mylyn.wikitext.mediawiki.ui - 2.7.0.v20151009-1723
2016-07-08 15:12:00,671 - org.eclipse.mylyn.wikitext.confluence.ui - 2.7.0.v20151009-1723
2016-07-08 15:12:00,673 - org.eclipse.mylyn.wikitext.tracwiki.ui - 2.7.0.v20151009-1723
2016-07-08 15:12:00,674 - org.eclipse.mylyn.wikitext.twiki.ui - 2.7.0.v20151009-1723
2016-07-08 15:12:00,676 - org.eclipse.mylyn.wikitext.tasks.ui - 2.7.0.v20151009-1723
2016-07-08 15:12:00,678 - org.eclipse.mylyn.wikitext.context.ui - 2.7.0.v20151009-1723
2016-07-08 15:12:01,004 - org.eclipse.jpt.jaxb.core - 1.4.1.v201601142211
2016-07-08 15:12:01,005 - org.eclipse.jpt.jaxb.core.schemagen - 1.1.100.v201510091940
2016-07-08 15:12:01,013 - org.eclipse.jpt.jaxb.ui - 1.5.0.v201510091940
2016-07-08 15:12:01,013 - org.eclipse.jpt.jaxb.branding - 1.4.0.v201309202144
2016-07-08 15:12:01,134 - org.eclipse.emf.mapping.ecore.editor - 2.6.0.v20160526-0356
2016-07-08 15:12:01,135 - org.eclipse.emf.mapping.ecore2ecore.editor - 2.7.0.v20160526-0356
2016-07-08 15:12:01,136 - org.eclipse.emf.mapping.ecore2xml.ui - 2.8.0.v20160526-0356
2016-07-08 15:12:01,161 - org.eclipse.datatools.enablement.finfo - 1.6.0.201603142002
2016-07-08 15:12:01,161 - org.eclipse.datatools.sqltools.db.derby.ui - 1.1.0.201603142002
2016-07-08 15:12:01,162 - org.eclipse.datatools.sqltools.db.generic.ui - 1.1.0.201603142002
2016-07-08 15:12:01,215 - org.eclipse.datatools.enablement.jdt.classpath - 1.1.0.201603142002
2016-07-08 15:12:01,293 - org.eclipse.mylyn.discovery.core - 3.18.0.v20151009-1724
2016-07-08 15:12:01,294 - org.eclipse.mylyn.discovery.ui - 3.18.0.v20151009-1724
2016-07-08 15:12:01,306 - org.eclipse.datatools.enablement.mysql.dbdefinition - 1.1.0.201603142002
2016-07-08 15:12:01,307 - org.eclipse.datatools.enablement.mysql - 1.1.0.201603142002
2016-07-08 15:12:01,308 - org.eclipse.datatools.enablement.mysql.ui - 1.1.0.201603142002
2016-07-08 15:12:01,308 - org.eclipse.datatools.enablement.finfo - 1.6.0.201603142002
2016-07-08 15:12:01,321 - org.eclipse.datatools.enablement.msft.sqlserver.dbdefinition - 1.1.0.201603142002
2016-07-08 15:12:01,322 - org.eclipse.datatools.enablement.msft.sqlserver - 1.1.0.201603142002
2016-07-08 15:12:01,323 - org.eclipse.datatools.enablement.msft.sqlserver.ui - 1.1.0.201603142002
2016-07-08 15:12:01,323 - org.eclipse.datatools.enablement.finfo - 1.6.0.201603142002
2016-07-08 15:12:01,820 - org.eclipse.sequoyah.localization.android - 2.1.0.N20120718-0509
2016-07-08 15:12:01,820 - org.eclipse.sequoyah.localization.android.help - 2.1.1.N20120718-0509
2016-07-08 15:12:01,929 - org.eclipse.m2e.wtp.jpa - 1.3.0.20151111-2338
2016-07-08 15:12:01,953 - org.eclipse.jst.ws.jaxws.core - 1.0.402.v201504272018
2016-07-08 15:12:01,968 - org.eclipse.jst.ws.jaxws.ui - 1.0.401.v201504291921
2016-07-08 15:12:01,969 - javax.xml.ws - 2.1.0.v200902101523
2016-07-08 15:12:01,970 - javax.jws - 2.0.0.v201005080400
2016-07-08 15:12:01,971 - org.eclipse.jst.ws.annotations.core - 1.2.200.v201311102023
2016-07-08 15:12:01,972 - javax.xml.stream - 1.0.1.v201004272200
2016-07-08 15:12:01,973 - org.eclipse.jst.ws.jaxb.core - 1.0.200.v201309232152
2016-07-08 15:12:01,973 - javax.wsdl - 1.6.2.v201012040545
2016-07-08 15:12:01,973 - org.jdom - 1.1.1.v201101151400
2016-07-08 15:12:02,028 - org.eclipse.datatools.connectivity.doc.user.contexts - 1.7.0.20090521092446
2016-07-08 15:12:02,029 - org.eclipse.datatools.connectivity.doc.user - 1.7.0.20090521092446
2016-07-08 15:12:02,038 - org.eclipse.mylyn.tasks.bugs - 3.18.0.v20151009-2340
2016-07-08 15:12:02,039 - org.eclipse.mylyn.help.ui - 3.18.0.v20151009-2340
2016-07-08 15:12:02,117 - org.eclipse.emf.edit - 2.12.0.v20160526-0356
2016-07-08 15:12:02,212 - org.eclipse.mylyn.commons.core - 3.18.0.v20151019-2227
2016-07-08 15:12:02,212 - org.eclipse.mylyn.commons.screenshots - 3.18.0.v20151009-1724
2016-07-08 15:12:02,249 - org.eclipse.mylyn.commons.ui - 3.18.0.v20151116-1930
2016-07-08 15:12:02,249 - org.eclipse.mylyn.commons.workbench - 3.18.0.v20151102-1813
2016-07-08 15:12:02,278 - org.springframework.ide.eclipse.maven - 3.7.3.201602250914-RELEASE
2016-07-08 15:12:02,378 - org.springframework.ide.eclipse.security - 3.7.3.201602250914-RELEASE
2016-07-08 15:12:02,422 - org.eclipse.mylyn.bugzilla.ide - 3.18.0.v20151013-1847
2016-07-08 15:12:02,422 - org.eclipse.mylyn.ide.ui - 3.18.0.v20151013-1847
2016-07-08 15:12:02,626 - org.eclipse.wst.json.ui - 1.0.0.v201605251755
2016-07-08 15:12:02,627 - org.eclipse.wst.json.bower.ui - 1.0.0.v201605201503
2016-07-08 15:12:02,627 - org.eclipse.wst.json.eslint.ui - 1.0.0.v201605201503
2016-07-08 15:12:02,628 - org.eclipse.wst.json.jshint.ui - 1.0.0.v201605201503
2016-07-08 15:12:02,629 - org.eclipse.wst.json.npm.ui - 1.0.0.v201605201503
2016-07-08 15:12:02,647 - org.eclipse.emf.databinding.edit - 1.3.0.v20160526-0356
2016-07-08 15:12:02,717 - org.eclipse.emf.codegen.ecore - 2.12.0.v20160526-0356
2016-07-08 15:12:02,718 - org.eclipse.emf.ant - 2.8.0.v20160526-0356
2016-07-08 15:12:02,749 - org.springframework.ide.eclipse.aop.core - 3.7.3.201602250914-RELEASE
2016-07-08 15:12:02,750 - org.springframework.ide.eclipse.aop.ui - 3.7.3.201602250914-RELEASE
2016-07-08 15:12:02,751 - org.springframework.ide.eclipse.aop.ui.matcher - 3.7.3.201602250914-RELEASE
2016-07-08 15:12:02,796 - org.eclipse.m2e.archetype.common - 1.7.0.20160202-2118
2016-07-08 15:12:02,800 - org.eclipse.m2e.maven.indexer - 1.7.0.20160202-2118
2016-07-08 15:12:02,846 - org.eclipse.m2e.model.edit - 1.7.0.20160202-2119
2016-07-08 15:12:02,846 - org.eclipse.m2e.core - 1.7.0.20160202-2119
2016-07-08 15:12:02,847 - org.eclipse.m2e.launching - 1.7.0.20160202-2119
2016-07-08 15:12:02,848 - org.eclipse.m2e.workspace.cli - 0.3.1
2016-07-08 15:12:02,849 - org.eclipse.m2e.jdt - 1.7.0.20160202-2119
2016-07-08 15:12:02,854 - org.eclipse.m2e.editor - 1.7.0.20160202-2119
2016-07-08 15:12:02,860 - org.eclipse.m2e.editor.xml - 1.7.0.20160202-2119
2016-07-08 15:12:02,862 - org.eclipse.m2e.maven.runtime - 1.7.0.20160202-2118
2016-07-08 15:12:02,866 - org.eclipse.m2e.maven.runtime.slf4j.simple - 1.7.0.20160202-2118
2016-07-08 15:12:02,867 - org.eclipse.m2e.refactoring - 1.7.0.20160202-2119
2016-07-08 15:12:02,868 - org.eclipse.m2e.lifecyclemapping.defaults - 1.7.0.20160202-2119
2016-07-08 15:12:02,869 - org.eclipse.m2e.discovery - 1.7.0.20160202-2119
2016-07-08 15:12:02,896 - org.eclipse.m2e.core.ui - 1.7.0.20160202-2119
2016-07-08 15:12:02,900 - org.eclipse.m2e.scm - 1.7.0.20160202-2119
2016-07-08 15:12:02,901 - org.eclipse.m2e.jdt.ui - 1.7.0.20160202-2119
2016-07-08 15:12:02,902 - org.eclipse.m2e.profiles.core - 1.7.0.20160202-2119
2016-07-08 15:12:02,906 - org.eclipse.m2e.profiles.ui - 1.7.0.20160202-2119
2016-07-08 15:12:02,942 - org.eclipse.andmore.ndk - 0.5.0.201605181018
2016-07-08 15:12:02,991 - org.eclipse.datatools.connectivity.oda.consumer - 3.3.0.201603142002
2016-07-08 15:12:02,994 - org.eclipse.datatools.connectivity.oda.design - 3.4.0.201603142002
2016-07-08 15:12:02,995 - org.eclipse.datatools.connectivity.oda.profile - 3.3.0.201603142002
2016-07-08 15:12:02,995 - org.eclipse.datatools.connectivity.oda - 3.5.0.201603142002
2016-07-08 15:12:02,995 - org.eclipse.datatools.connectivity - 1.13.0.201603142002
2016-07-08 15:12:03,030 - org.eclipse.cft.server.core - 1.0.100.v201602220039
2016-07-08 15:12:03,030 - org.eclipse.cft.server.branding.core - 1.0.0.v201602220039
2016-07-08 15:12:03,095 - org.eclipse.cft.server.standalone.core - 1.0.0.v201602220039
2016-07-08 15:12:03,136 - org.eclipse.andmore.android.certmanager - 0.5.0.201605181018
2016-07-08 15:12:03,147 - org.eclipse.sequoyah.localization.tools - 2.1.0.N20120718-0509
2016-07-08 15:12:03,149 - org.eclipse.sequoyah.localization.editor - 2.1.0.N20120718-0509
2016-07-08 15:12:03,154 - org.eclipse.mylyn.team.ui - 3.18.0.v20151120-2228
2016-07-08 15:12:03,236 - org.eclipse.emf.common.ui - 2.11.0.v20160526-0356
2016-07-08 15:12:03,253 - org.eclipse.sequoyah.device.common.utilities - 2.1.0.N20120718-0509
2016-07-08 15:12:03,275 - org.eclipse.emf.mapping.ui - 2.7.0.v20160526-0356
2016-07-08 15:12:03,331 - org.jboss.tools.m2e.wro4j.core - 1.1.0.201406251020
2016-07-08 15:12:03,332 - org.jboss.tools.m2e.wro4j.ui - 1.1.0.201406251020
2016-07-08 15:12:03,417 - org.apache.commons.net - 3.2.0.v201305141515
2016-07-08 15:12:03,418 - org.eclipse.rse.connectorservice.telnet - 1.2.300.201505220524
2016-07-08 15:12:03,418 - org.eclipse.rse.services.telnet - 2.0.400.201403100950
2016-07-08 15:12:03,419 - org.eclipse.rse.subsystems.shells.telnet - 1.2.300.201403100950
2016-07-08 15:12:03,507 - org.eclipse.datatools.connectivity.oda.template.ui - 3.3.0.201603142002
2016-07-08 15:12:03,569 - org.eclipse.datatools.enablement.ibm - 1.1.0.201603142002
2016-07-08 15:12:03,569 - org.eclipse.datatools.enablement.ibm.db2 - 1.1.0.201603142002
2016-07-08 15:12:03,570 - org.eclipse.datatools.enablement.ibm.db2.iseries.dbdefinition - 1.1.0.201603142002
2016-07-08 15:12:03,571 - org.eclipse.datatools.enablement.ibm.db2.iseries - 1.1.0.201603142002
2016-07-08 15:12:03,572 - org.eclipse.datatools.enablement.ibm.db2.iseries.ui - 1.1.0.201603142002
2016-07-08 15:12:03,573 - org.eclipse.datatools.enablement.ibm.db2.luw.dbdefinition - 1.1.0.201603142002
2016-07-08 15:12:03,626 - org.eclipse.datatools.enablement.ibm.db2.luw - 1.1.0.201603142002
2016-07-08 15:12:03,627 - org.eclipse.datatools.enablement.ibm.db2.luw.ui - 1.1.0.201603142002
2016-07-08 15:12:03,628 - org.eclipse.datatools.enablement.ibm.db2.zseries.dbdefinition - 1.1.0.201603142002
2016-07-08 15:12:03,629 - org.eclipse.datatools.enablement.ibm.db2.zseries - 1.1.0.201603142002
2016-07-08 15:12:03,630 - org.eclipse.datatools.enablement.ibm.db2.zseries.ui - 1.1.0.201603142002
2016-07-08 15:12:03,630 - org.eclipse.datatools.enablement.ibm.informix.dbdefinition - 1.1.0.201603142002
2016-07-08 15:12:03,631 - org.eclipse.datatools.enablement.ibm.informix - 1.1.0.201603142002
2016-07-08 15:12:03,632 - org.eclipse.datatools.enablement.ibm.informix.ui - 1.1.0.201603142002
2016-07-08 15:12:03,633 - org.eclipse.datatools.enablement.ibm.ui - 1.1.0.201603142002
2016-07-08 15:12:03,745 - org.eclipse.rse.core - 3.3.100.201407181907
2016-07-08 15:12:03,746 - org.eclipse.rse.doc.user - 3.4.100.201403101646
2016-07-08 15:12:03,747 - org.eclipse.rse.efs - 2.1.401.201503171741
2016-07-08 15:12:03,747 - org.eclipse.rse.efs.ui - 2.1.400.201403100950
2016-07-08 15:12:03,762 - org.eclipse.rse.importexport - 1.2.300.201403100950
2016-07-08 15:12:03,777 - org.eclipse.rse.files.ui - 3.2.200.201502052140
2016-07-08 15:12:03,778 - org.eclipse.rse.processes.ui - 3.0.400.201403100950
2016-07-08 15:12:03,879 - org.eclipse.rse.services - 3.3.0.201403100950
2016-07-08 15:12:03,880 - org.eclipse.rse.shells.ui - 3.0.500.201403271554
2016-07-08 15:12:03,881 - org.eclipse.rse.subsystems.files.core - 3.3.1.201403100950
2016-07-08 15:12:03,881 - org.eclipse.rse.subsystems.processes.core - 3.1.300.201403100950
2016-07-08 15:12:03,882 - org.eclipse.rse.subsystems.processes.shell.linux - 1.1.400.201403100950
2016-07-08 15:12:03,883 - org.eclipse.rse.subsystems.shells.core - 3.1.300.201403271554
2016-07-08 15:12:03,884 - org.eclipse.rse.ui - 3.3.100.201503112018
2016-07-08 15:12:03,899 - org.eclipse.jpt.common.eclipselink.core - 1.3.100.v201510091940
2016-07-08 15:12:03,899 - org.eclipse.jpt.common.eclipselink.branding - 1.3.100.v201309202144
2016-07-08 15:12:03,943 - org.eclipse.datatools.connectivity.sqm.core.ui - 1.3.0.201603142002
2016-07-08 15:12:03,944 - org.eclipse.datatools.connectivity.sqm.core - 1.3.0.201603142002
2016-07-08 15:12:03,945 - org.eclipse.datatools.connectivity.sqm.server.ui - 1.2.0.201603142002
2016-07-08 15:12:03,945 - org.eclipse.datatools.connectivity.ui.dse - 1.2.0.201603142002
2016-07-08 15:12:03,945 - org.eclipse.datatools.connectivity.ui - 1.3.0.201603142002
2016-07-08 15:12:03,945 - org.eclipse.datatools.connectivity - 1.13.0.201603142002
2016-07-08 15:12:03,945 - org.eclipse.datatools.help - 1.6.0.201603142002
2016-07-08 15:12:03,945 - org.eclipse.datatools.connectivity.console.profile - 1.1.0.201603142002
2016-07-08 15:12:04,000 - org.eclipse.wst.jsdt.core - 2.0.0.v201605251700
2016-07-08 15:12:04,001 - org.eclipse.wst.jsdt.nashorn.extension - 1.0.0.v201605131737
2016-07-08 15:12:04,002 - org.eclipse.wst.jsdt.manipulation - 1.0.601.v201602241911
2016-07-08 15:12:04,002 - org.eclipse.wst.jsdt.ui - 2.0.0.v201605262108
2016-07-08 15:12:04,002 - org.eclipse.wst.jsdt.support.firefox - 1.0.501.v201602241911
2016-07-08 15:12:04,003 - org.eclipse.wst.jsdt.support.ie - 1.0.601.v201602241911
2016-07-08 15:12:04,045 - org.eclipse.wst.jsdt.doc - 1.4.101.v201507140011
2016-07-08 15:12:04,056 - org.eclipse.wst.jsdt.debug.core - 3.1.300.v201605251607
2016-07-08 15:12:04,057 - org.eclipse.wst.jsdt.debug.transport - 1.0.300.v201502261613
2016-07-08 15:12:04,058 - org.eclipse.wst.jsdt.debug.crossfire - 1.0.500.v201505071819
2016-07-08 15:12:04,058 - org.eclipse.wst.jsdt.debug.rhino - 1.0.500.v201605251607
2016-07-08 15:12:04,059 - org.eclipse.wst.jsdt.debug.rhino.debugger - 1.0.600.v201604292217
2016-07-08 15:12:04,105 - org.eclipse.wst.jsdt.debug.ui - 1.0.600.v201605311817
2016-07-08 15:12:04,106 - org.mozilla.javascript - 1.7.5.v201504281450
2016-07-08 15:12:04,336 - org.springframework.ide.eclipse.ajdt.ui.xref - 3.7.3.201602250914-RELEASE
2016-07-08 15:12:04,338 - org.springframework.ide.eclipse.ajdt.ui.visualiser - 3.7.3.201602250914-RELEASE
2016-07-08 15:12:04,476 - org.eclipse.datatools.common.doc.user - 1.7.0.20090521092446
2016-07-08 15:12:04,540 - org.eclipse.wst.jsdt.web.core - 1.0.801.v201602241914
2016-07-08 15:12:04,581 - org.eclipse.wst.jsdt.web.ui - 1.0.801.v201602241914
2016-07-08 15:12:04,582 - org.eclipse.wst.html.ui.infopop - 1.0.201.v201409111852
2016-07-08 15:12:04,583 - org.eclipse.wst.web.ui.infopop - 1.0.300.v200805140206
2016-07-08 15:12:04,590 - org.eclipse.wst.css.ui - 1.0.1000.v201603050225
2016-07-08 15:12:04,596 - org.eclipse.wst.html.ui - 1.0.1100.v201603050225
2016-07-08 15:12:04,597 - org.eclipse.wst.web.ui - 1.1.601.v201602221748
2016-07-08 15:12:04,689 - org.eclipse.rse - 3.5.0.201403100950
2016-07-08 15:12:04,797 - org.eclipse.rse.services.local - 2.2.0.201502030655
2016-07-08 15:12:04,798 - org.eclipse.rse.subsystems.files.local - 2.1.300.201403251512
2016-07-08 15:12:04,799 - org.eclipse.rse.subsystems.processes.local - 2.1.400.201403100950
2016-07-08 15:12:04,800 - org.eclipse.rse.subsystems.shells.local - 2.1.400.201403100950
2016-07-08 15:12:04,801 - org.eclipse.rse.connectorservice.local - 2.1.400.201403100950
2016-07-08 15:12:04,807 - org.eclipse.datatools.enablement.hsqldb - 1.1.0.201603142002
2016-07-08 15:12:04,808 - org.eclipse.datatools.enablement.hsqldb.dbdefinition - 1.1.0.201603142002
2016-07-08 15:12:04,809 - org.eclipse.datatools.enablement.hsqldb.ui - 1.1.0.201603142002
2016-07-08 15:12:04,809 - org.eclipse.datatools.enablement.finfo - 1.6.0.201603142002
2016-07-08 15:12:04,943 - org.eclipse.datatools.sqltools.doc.user - 1.7.0.20090521092446
2016-07-08 15:12:04,944 - org.eclipse.datatools.sqltools.doc.user.contexts - 1.7.0.20090521092446
2016-07-08 15:12:04,978 - org.eclipse.m2e.wtp - 1.3.0.20151111-2338
2016-07-08 15:12:04,979 - org.eclipse.m2e.wtp.overlay - 1.3.0.20151111-2338
2016-07-08 15:12:04,980 - org.eclipse.m2e.wtp.overlay.ui - 1.3.0.20151111-2338
2016-07-08 15:12:05,120 - org.eclipse.jpt.common.utility - 2.3.0.v201601131911
2016-07-08 15:12:05,144 - org.eclipse.jpt.common.core - 1.4.0.v201601142211
2016-07-08 15:12:05,179 - org.eclipse.jpt.common.ui - 1.4.0.v201601152356
2016-07-08 15:12:05,179 - org.eclipse.jpt.common.branding - 1.4.0.v201309202144
2016-07-08 15:12:05,194 - org.eclipse.emf.edit.ui - 2.12.0.v20160526-0356
2016-07-08 15:12:05,242 - org.eclipse.help - 3.7.0.v20160602-1307
2016-07-08 15:12:05,243 - org.eclipse.ui - 3.108.0.v20160518-1929
2016-07-08 15:12:05,243 - org.eclipse.ui.workbench - 3.108.0.v20160602-1232
2016-07-08 15:12:05,244 - org.eclipse.update.configurator - 3.3.400.v20160506-0750
2016-07-08 15:12:05,244 - org.eclipse.rcp - 4.6.0.v20160606-1100
2016-07-08 15:12:05,257 - org.eclipse.persistence.moxy - 2.6.0.v20130815-a4708b6
2016-07-08 15:12:05,258 - org.eclipse.jpt.jaxb.eclipselink.core - 1.3.101.v201601142211
2016-07-08 15:12:05,259 - org.eclipse.jpt.jaxb.eclipselink.ui - 1.4.100.v201510091940
2016-07-08 15:12:05,260 - org.eclipse.jpt.jaxb.eclipselink.core.schemagen - 1.2.100.v201510091940
2016-07-08 15:12:05,260 - org.eclipse.jpt.jaxb.eclipselink.branding - 1.4.100.v201309202144
2016-07-08 15:12:05,265 - org.eclipse.datatools.connectivity.apache.derby.dbdefinition - 1.1.0.201603142002
2016-07-08 15:12:05,265 - org.eclipse.datatools.connectivity.apache.derby.ui - 1.1.0.201603142002
2016-07-08 15:12:05,266 - org.eclipse.datatools.connectivity.apache.derby - 1.1.0.201603142002
2016-07-08 15:12:05,267 - org.eclipse.datatools.modelbase.derby - 1.1.0.201603142002
2016-07-08 15:12:05,267 - org.eclipse.datatools.sqltools.db.derby - 1.1.0.201603142002
2016-07-08 15:12:05,387 - org.eclipse.mylyn.github.core - 4.2.0.201601211800-r
2016-07-08 15:12:05,439 - org.eclipse.mylyn.github.ui - 4.2.0.201601211800-r
2016-07-08 15:12:05,441 - org.eclipse.egit.github.core - 4.2.0.201601211800-r
2016-07-08 15:12:05,443 - com.google.gson - 2.2.4.v201311231704
2016-07-08 15:12:05,469 - org.eclipse.mylyn.github.doc - 4.2.0.201601211800-r
2016-07-08 15:12:05,475 - org.eclipse.jdt - 3.12.0.v20160606-1100
2016-07-08 15:12:05,550 - org.eclipse.ant.ui - 3.6.200.v20160525-1820
2016-07-08 15:12:05,551 - org.eclipse.jdt.apt.core - 3.4.100.v20160525-0952
2016-07-08 15:12:05,551 - org.eclipse.jdt.apt.ui - 3.4.100.v20160418-1457
2016-07-08 15:12:05,552 - org.eclipse.jdt.apt.pluggable.core - 1.1.100.v20160418-1457
2016-07-08 15:12:05,553 - org.eclipse.jdt.compiler.apt - 1.2.100.v20160418-1457
2016-07-08 15:12:05,554 - org.eclipse.jdt.compiler.tool - 1.1.100.v20160418-1457
2016-07-08 15:12:05,606 - org.eclipse.jdt.core - 3.12.0.v20160516-2131
2016-07-08 15:12:05,607 - org.eclipse.jdt.annotation - 2.1.0.v20160418-1457
2016-07-08 15:12:05,607 - org.eclipse.jdt.annotation - 2.1.0.v20160418-1457
2016-07-08 15:12:05,608 - org.eclipse.jdt.core.manipulation - 1.7.0.v20160419-0705
2016-07-08 15:12:05,617 - org.eclipse.jdt.debug.ui - 3.7.200.v20160423-1519
2016-07-08 15:12:05,745 - org.eclipse.jdt.debug - 3.10.0.v20160418-1524
2016-07-08 15:12:05,751 - org.eclipse.jdt.junit - 3.9.0.v20160421-1701
2016-07-08 15:12:05,752 - org.eclipse.jdt.junit.core - 3.8.0.v20160421-1701
2016-07-08 15:12:05,753 - org.eclipse.jdt.junit.runtime - 3.4.600.v20160505-0715
2016-07-08 15:12:05,754 - org.eclipse.jdt.junit4.runtime - 1.1.600.v20160505-0715
2016-07-08 15:12:05,779 - org.eclipse.jdt.launching - 3.8.100.v20160505-0636
2016-07-08 15:12:05,852 - org.eclipse.jdt.ui - 3.12.0.v20160525-1829
2016-07-08 15:12:05,966 - org.junit - 4.12.0.v201504281640
2016-07-08 15:12:05,968 - org.hamcrest.core - 1.3.0.v201303031735
2016-07-08 15:12:05,997 - org.eclipse.jdt.doc.user - 3.12.0.v20160601-2148
2016-07-08 15:12:05,998 - org.eclipse.ant.launching - 1.1.200.v20160418-1631
2016-07-08 15:12:06,072 - org.eclipse.emf.common - 2.12.0.v20160420-0247
2016-07-08 15:12:06,301 - org.eclipse.sequoyah.vnc.vncviewer.vncviews - 2.1.0.N20120718-0509
2016-07-08 15:12:06,453 - org.eclipse.egit.mylyn.ui - 4.2.0.201601211800-r
2016-07-08 15:12:06,502 - org.springframework.ide.eclipse - 3.7.3.201602250914-RELEASE
2016-07-08 15:12:06,503 - org.springframework.ide.eclipse.core - 3.7.3.201602250914-RELEASE
2016-07-08 15:12:06,504 - org.springframework.ide.eclipse.doc - 3.7.3.201602250914-RELEASE
2016-07-08 15:12:06,536 - org.springframework.ide.eclipse.ui - 3.7.3.201602250914-RELEASE
2016-07-08 15:12:06,537 - org.springframework.ide.eclipse.beans.core - 3.7.3.201602250914-RELEASE
2016-07-08 15:12:06,538 - org.springframework.ide.eclipse.beans.core.metadata - 3.7.3.201602250914-RELEASE
2016-07-08 15:12:06,538 - org.springframework.ide.eclipse.beans.ui - 3.7.3.201602250914-RELEASE
2016-07-08 15:12:06,539 - org.springframework.ide.eclipse.beans.ui.graph - 3.7.3.201602250914-RELEASE
2016-07-08 15:12:06,539 - org.springframework.ide.eclipse.beans.ui.livegraph - 3.7.3.201602250914-RELEASE
2016-07-08 15:12:06,581 - org.springframework.ide.eclipse.beans.ui.editor - 3.7.3.201602250914-RELEASE
2016-07-08 15:12:06,582 - org.springframework.ide.eclipse.beans.ui.search - 3.7.3.201602250914-RELEASE
2016-07-08 15:12:06,583 - org.springframework.ide.eclipse.beans.ui.refactoring - 3.7.3.201602250914-RELEASE
2016-07-08 15:12:06,584 - org.springframework.ide.eclipse.quickfix - 3.7.3.201602250914-RELEASE
2016-07-08 15:12:06,585 - org.springframework.ide.eclipse.metadata - 3.7.3.201602250914-RELEASE
2016-07-08 15:12:06,585 - org.springframework.ide.eclipse.bestpractices - 3.7.3.201602250914-RELEASE
2016-07-08 15:12:06,586 - org.springframework.ide.eclipse.config.core - 3.7.3.201602250914-RELEASE
2016-07-08 15:12:06,587 - org.springframework.ide.eclipse.config.graph - 3.7.3.201602250914-RELEASE
2016-07-08 15:12:06,588 - org.springframework.ide.eclipse.config.ui - 3.7.3.201602250914-RELEASE
2016-07-08 15:12:06,765 - org.springframework.ide.eclipse.wizard - 3.7.3.201602250914-RELEASE
2016-07-08 15:12:06,766 - org.springframework.ide.eclipse.gradle - 3.7.3.201602250914-RELEASE
2016-07-08 15:12:06,767 - org.springframework.ide.eclipse.buildship - 3.7.3.201602250914-RELEASE
2016-07-08 15:12:06,767 - org.springframework.aop - 4.2.4.20151218-RELEASE
2016-07-08 15:12:06,767 - org.springframework.beans - 4.2.4.20151218-RELEASE
2016-07-08 15:12:06,767 - org.springframework.context - 4.2.4.20151218-RELEASE
2016-07-08 15:12:06,768 - org.springframework.context.support - 4.2.4.20151218-RELEASE
2016-07-08 15:12:06,769 - org.springframework.core - 4.2.4.20151218-RELEASE
2016-07-08 15:12:06,770 - org.springframework.expression - 4.2.4.20151218-RELEASE
2016-07-08 15:12:06,770 - org.springframework.jdbc - 4.2.4.20151218-RELEASE
2016-07-08 15:12:06,770 - org.springframework.jms - 4.2.4.20151218-RELEASE
2016-07-08 15:12:06,772 - org.springframework.orm - 4.2.4.20151218-RELEASE
2016-07-08 15:12:06,772 - org.springframework.oxm - 4.2.4.20151218-RELEASE
2016-07-08 15:12:06,772 - org.springframework.transaction - 4.2.4.20151218-RELEASE
2016-07-08 15:12:06,775 - org.springframework.web - 4.2.4.20151218-RELEASE
2016-07-08 15:12:06,775 - org.springframework.web.servlet - 4.2.4.20151218-RELEASE
2016-07-08 15:12:06,776 - javax.validation - 1.0.0.GA_v201205091237
2016-07-08 15:12:06,776 - org.springframework.ide.eclipse.boot - 3.7.3.201602250914-RELEASE
2016-07-08 15:12:06,777 - org.springframework.ide.eclipse.boot.launch - 3.7.3.201602250914-RELEASE
2016-07-08 15:12:06,831 - org.springframework.ide.eclipse.boot.properties.editor - 3.7.3.201602250914-RELEASE
2016-07-08 15:12:06,832 - org.springframework.ide.eclipse.boot.properties.editor.yaml - 3.7.3.201602250914-RELEASE
2016-07-08 15:12:06,832 - org.springframework.ide.eclipse.editor.support - 3.7.3.201602250914-RELEASE
2016-07-08 15:12:06,894 - org.eclipse.datatools.enablement.sybase.asa.models - 1.1.0.201603142002
2016-07-08 15:12:06,894 - org.eclipse.datatools.enablement.sybase.ase.models - 1.1.0.201603142002
2016-07-08 15:12:06,895 - org.eclipse.datatools.enablement.sybase.asa - 1.1.0.201603142002
2016-07-08 15:12:06,896 - org.eclipse.datatools.enablement.sybase.ase - 1.1.0.201603142002
2016-07-08 15:12:06,896 - org.eclipse.datatools.enablement.sybase.ase.dbdefinition - 1.1.0.201603142002
2016-07-08 15:12:06,897 - org.eclipse.datatools.enablement.sybase.asa.dbdefinition - 1.1.0.201603142002
2016-07-08 15:12:06,897 - org.eclipse.datatools.enablement.sybase.asa.ui - 1.1.0.201603142002
2016-07-08 15:12:06,898 - org.eclipse.datatools.enablement.sybase.ase.ui - 1.1.0.201603142002
2016-07-08 15:12:06,898 - org.eclipse.datatools.enablement.sybase - 1.1.0.201603142002
2016-07-08 15:12:06,899 - org.eclipse.datatools.enablement.sybase.models - 1.1.0.201603142002
2016-07-08 15:12:06,899 - org.eclipse.datatools.enablement.sybase.ui - 1.1.0.201603142002
2016-07-08 15:12:06,930 - org.eclipse.datatools.enablement.sybase.asa.schemaobjecteditor.examples - 2.6.0.200810071
2016-07-08 15:12:07,008 - org.jdom - 1.1.1.v201101151400
2016-07-08 15:12:07,009 - org.eclipse.jst.ws.cxf.consumption.core - 1.0.300.v201309232152
2016-07-08 15:12:07,010 - org.eclipse.jst.ws.cxf.consumption.ui - 1.0.300.v201309232152
2016-07-08 15:12:07,010 - org.eclipse.jst.ws.cxf.core - 1.1.200.v201404292022
2016-07-08 15:12:07,011 - org.eclipse.jst.ws.cxf.creation.core - 1.0.401.v201408111743
2016-07-08 15:12:07,012 - org.eclipse.jst.ws.cxf.creation.ui - 1.0.300.v201403242125
2016-07-08 15:12:07,043 - org.eclipse.jst.ws.cxf.ui - 1.0.300.v201309232152
2016-07-08 15:12:07,043 - javax.wsdl - 1.6.2.v201012040545
2016-07-08 15:12:07,043 - javax.jws - 2.0.0.v201005080400
2016-07-08 15:12:07,043 - javax.xml.stream - 1.0.1.v201004272200
2016-07-08 15:12:07,043 - javax.xml.ws - 2.1.0.v200902101523
2016-07-08 15:12:07,188 - org.springframework.ide.eclipse.webflow.core - 3.7.3.201602250914-RELEASE
2016-07-08 15:12:07,190 - org.springframework.ide.eclipse.webflow.ui - 3.7.3.201602250914-RELEASE
2016-07-08 15:12:07,192 - org.springframework.ide.eclipse.webflow.ui.editor - 3.7.3.201602250914-RELEASE
2016-07-08 15:12:07,197 - org.springframework.ide.eclipse.webflow.ui.graph - 3.7.3.201602250914-RELEASE
2016-07-08 15:12:07,197 - org.springframework.web - 4.2.4.20151218-RELEASE
2016-07-08 15:12:07,198 - org.springframework.web.servlet - 4.2.4.20151218-RELEASE
2016-07-08 15:12:07,198 - javax.validation - 1.0.0.GA_v201205091237
2016-07-08 15:12:07,288 - org.eclipse.datatools.sqltools.common.ui - 1.1.0.201603142002
2016-07-08 15:12:07,289 - org.eclipse.datatools.sqltools.debugger.core - 1.1.0.201603142002
2016-07-08 15:12:07,295 - org.eclipse.datatools.sqltools.editor.core - 1.1.0.201603142002
2016-07-08 15:12:07,296 - org.eclipse.datatools.sqltools.plan - 1.1.0.201603142002
2016-07-08 15:12:07,297 - org.eclipse.datatools.sqltools.routineeditor - 1.1.0.201603142002
2016-07-08 15:12:07,298 - org.eclipse.datatools.sqltools.sql - 1.1.0.201603142002
2016-07-08 15:12:07,342 - org.eclipse.datatools.sqltools.sqleditor - 1.1.0.201603142002
2016-07-08 15:12:07,342 - org.eclipse.datatools.sqltools.sqlscrapbook - 1.1.0.201603142002
2016-07-08 15:12:07,343 - org.eclipse.datatools.help - 1.6.0.201603142002
2016-07-08 15:12:07,359 - org.eclipse.datatools.sqltools.db.generic - 1.1.0.201603142002
2016-07-08 15:12:07,360 - org.eclipse.datatools.sqltools.debugger.core.ui - 1.1.0.201603142002
2016-07-08 15:12:07,360 - org.eclipse.datatools.sqltools.editor.core.ui - 1.1.0.201603142002
2016-07-08 15:12:07,378 - org.eclipse.datatools.sqltools.result.ui - 1.2.0.201603142002
2016-07-08 15:12:07,427 - org.eclipse.datatools.sqltools.routineeditor.ui - 1.1.0.201603142002
2016-07-08 15:12:07,428 - org.eclipse.datatools.sqltools.sql.ui - 1.1.0.201603142002
2016-07-08 15:12:07,484 - org.objectweb.asm - 5.0.1.v201404251740
2016-07-08 15:12:07,485 - org.eclipse.andmore - 0.5.0.201605181018
2016-07-08 15:12:07,485 - org.eclipse.andmore.base - 0.5.0.201605181018
2016-07-08 15:12:07,524 - org.eclipse.andmore.ddms - 0.5.0.201605181018
2016-07-08 15:12:07,525 - org.eclipse.andmore.overlay - 0.5.0.201605181018
2016-07-08 15:12:07,527 - org.apache.commons.codec - 1.6.0.v201305230611
2016-07-08 15:12:07,527 - org.apache.commons.compress - 1.6.0.v201310281400
2016-07-08 15:12:07,528 - org.apache.httpcomponents.httpclient - 4.3.6.v201511171540
2016-07-08 15:12:07,529 - org.apache.httpcomponents.httpcore - 4.3.3.v201411290715
2016-07-08 15:12:07,564 - org.eclipse.datatools.modelbase.dbdefinition - 1.1.0.201603142002
2016-07-08 15:12:07,603 - org.eclipse.datatools.modelbase.sql.edit - 1.1.0.201603142002
2016-07-08 15:12:07,603 - org.eclipse.datatools.modelbase.sql.query - 1.2.0.201603142002
2016-07-08 15:12:07,628 - org.eclipse.datatools.modelbase.sql.query.edit - 1.1.0.201603142002
2016-07-08 15:12:07,629 - org.eclipse.datatools.modelbase.sql.xml.query - 1.1.0.201603142002
2016-07-08 15:12:07,629 - org.eclipse.datatools.modelbase.sql - 1.1.0.201603142002
2016-07-08 15:12:07,678 - org.sonatype.m2e.egit - 0.14.0.201504071521
2016-07-08 15:12:07,739 - org.eclipse.wst.xsl.core - 1.1.301.v201405151730
2016-07-08 15:12:07,740 - org.eclipse.wst.xsl.debug.ui - 1.0.302.v201304240928
2016-07-08 15:12:07,741 - org.eclipse.wst.xsl.launching - 1.1.0.v201304240928
2016-07-08 15:12:07,741 - org.eclipse.wst.xsl.xalan - 1.0.100.v201208081544
2016-07-08 15:12:07,778 - org.eclipse.wst.xsl.ui - 1.1.301.v201304222136
2016-07-08 15:12:07,779 - org.eclipse.wst.xml.xpath.ui - 1.1.102.v201509231858
2016-07-08 15:12:07,781 - org.apache.xalan - 2.7.1.v201005080400
2016-07-08 15:12:07,781 - org.apache.commons.logging - 1.1.1.v201101211721
2016-07-08 15:12:07,782 - org.eclipse.wst.xsl.doc - 1.0.100.v201309251559
2016-07-08 15:12:07,783 - org.eclipse.wst.xml.xpath.core - 1.3.1.v201509231858
2016-07-08 15:12:07,784 - org.apache.xml.serializer - 2.7.1.v201005080400
2016-07-08 15:12:07,786 - org.apache.bcel - 5.2.0.v201005080400
2016-07-08 15:12:07,787 - java_cup.runtime - 0.10.0.v201005080400
2016-07-08 15:12:07,788 - org.eclipse.wst.xsl.saxon - 1.0.200.v201103081755
2016-07-08 15:12:07,788 - org.eclipse.wst.xsl - 1.2.0.v201309251559
2016-07-08 15:12:07,789 - org.eclipse.wst.xsl.jaxp.debug - 1.0.300.v201304102131
2016-07-08 15:12:07,790 - org.eclipse.wst.xsl.jaxp.debug.ui - 1.0.200.v201103081755
2016-07-08 15:12:07,792 - org.eclipse.wst.xsl.jaxp.launching - 1.0.300.v201304102131
2016-07-08 15:12:07,792 - org.apache.log4j - 1.2.15.v201012070815
2016-07-08 15:12:07,793 - org.eclipse.wst.xsl.exslt.core - 1.0.0.v201005240422
2016-07-08 15:12:07,794 - org.eclipse.wst.xsl.exslt.ui - 1.0.0.v201006012004
2016-07-08 15:12:07,833 - org.eclipse.rse.services.ssh - 3.2.100.201403281521
2016-07-08 15:12:07,834 - org.eclipse.rse.connectorservice.ssh - 2.1.300.201505220524
2016-07-08 15:12:07,834 - org.eclipse.rse.subsystems.files.ssh - 2.1.300.201403100950
2016-07-08 15:12:07,835 - org.eclipse.rse.subsystems.shells.ssh - 2.1.400.201403100950
2016-07-08 15:12:07,894 - org.eclipse.jst.ws - 1.0.750.v201503231435
2016-07-08 15:12:07,907 - org.eclipse.jst.j2ee.ui - 1.1.801.v201509222120
2016-07-08 15:12:07,908 - org.eclipse.jst.ws.axis.creation.ui - 1.0.850.v201505131719
2016-07-08 15:12:07,908 - org.eclipse.jst.ws.axis.consumption.ui - 1.0.800.v201505131719
2016-07-08 15:12:07,909 - org.eclipse.jst.j2ee.jca.ui - 1.1.500.v201304231803
2016-07-08 15:12:07,909 - org.eclipse.jst.j2ee.navigator.ui - 1.1.600.v201302011850
2016-07-08 15:12:07,910 - org.eclipse.jst.j2ee.webservice.ui - 1.1.500.v201302011850
2016-07-08 15:12:07,911 - org.eclipse.jst.ws.axis.consumption.core - 1.0.550.v201505131719
2016-07-08 15:12:07,918 - org.eclipse.jst.servlet.ui - 1.1.801.v201409042158
2016-07-08 15:12:07,919 - org.eclipse.jst.ws.ui - 1.0.500.v201505131719
2016-07-08 15:12:07,920 - org.eclipse.jst.ws.uddiregistry - 1.0.600.v201505131719
2016-07-08 15:12:07,921 - org.eclipse.jst.ws.creation.ui - 1.0.900.v201503111711
2016-07-08 15:12:07,942 - org.eclipse.jst.ws.consumption.ui - 1.1.800.v201504152025
2016-07-08 15:12:07,943 - org.eclipse.jst.ws.consumption - 1.0.800.v201505131719
2016-07-08 15:12:07,944 - org.eclipse.jst.j2ee.infopop - 1.0.300.v201309091923
2016-07-08 15:12:07,944 - org.eclipse.jst.jsp.ui.infopop - 1.0.200.v201309112106
2016-07-08 15:12:07,945 - org.eclipse.jst.servlet.ui.infopop - 1.0.500.v201105121947
2016-07-08 15:12:07,945 - org.eclipse.jst.ws.axis.infopop - 1.0.400.v201309242123
2016-07-08 15:12:07,946 - org.eclipse.jst.ws.consumption.infopop - 1.0.400.v201309242123
2016-07-08 15:12:07,947 - org.eclipse.jst.ws.infopop - 1.0.400.v201309242123
2016-07-08 15:12:07,947 - org.eclipse.jst.ws.creation.ejb.ui - 1.0.250.v201309242123
2016-07-08 15:12:07,948 - org.eclipse.jst.ejb.ui - 1.1.900.v201402130359
2016-07-08 15:12:07,949 - org.eclipse.jst.j2ee.ejb.annotations.ui - 1.1.200.v201004261420
2016-07-08 15:12:07,949 - org.eclipse.jst.j2ee.ejb.annotation.model - 1.1.300.v201004110730
2016-07-08 15:12:07,950 - org.eclipse.jst.j2ee.ejb.annotations.emitter - 1.1.200.v201004110730
2016-07-08 15:12:07,951 - org.eclipse.jst.j2ee.ejb.annotations.xdoclet - 1.2.200.v201103302126
2016-07-08 15:12:07,952 - org.eclipse.jst.j2ee.xdoclet.runtime - 1.1.300.v201004280609
2016-07-08 15:12:07,952 - org.eclipse.jst.jee.ui - 1.0.701.v201408251535
2016-07-08 15:12:07,952 - org.eclipse.jst.ejb.ui.infopop - 1.0.300.v201002231012
2016-07-08 15:12:07,981 - org.eclipse.jst.ws.jaxrs.core - 1.0.600.v201505131719
2016-07-08 15:12:07,982 - org.eclipse.jst.ws.jaxrs.ui - 1.0.700.v201505131719
2016-07-08 15:12:08,028 - org.springframework.ide.eclipse.beans.core.autowire - 3.7.3.201602250914-RELEASE
2016-07-08 15:12:08,028 - org.springframework.ide.eclipse.beans.ui.autowire - 3.7.3.201602250914-RELEASE
2016-07-08 15:12:08,086 - org.apache.xerces - 2.9.0.v201101211617
2016-07-08 15:12:08,087 - org.apache.xml.resolver - 1.2.0.v201005080400
2016-07-08 15:12:08,087 - org.apache.xml.serializer - 2.7.1.v201005080400
2016-07-08 15:12:08,088 - org.eclipse.datatools.enablement.oda.ws - 1.3.0.201603142002
2016-07-08 15:12:08,088 - org.eclipse.datatools.enablement.oda.xml - 1.3.0.201603142002
2016-07-08 15:12:08,090 - javax.xml - 1.3.4.v201005080400
2016-07-08 15:12:08,090 - javax.wsdl - 1.6.2.v201012040545
2016-07-08 15:12:08,091 - org.eclipse.datatools.connectivity.oda.flatfile - 3.2.0.201603142002
2016-07-08 15:12:08,099 - org.eclipse.jst.ws.axis2.core - 1.0.300.v201309242118
2016-07-08 15:12:08,099 - org.eclipse.jst.ws.axis2.ui - 1.0.400.v201309242118
2016-07-08 15:12:08,100 - org.eclipse.jst.ws.axis2.consumption.core - 1.0.200.v201309242118
2016-07-08 15:12:08,102 - org.eclipse.jst.ws.axis2.consumption.ui - 1.0.200.v201309242118
2016-07-08 15:12:08,103 - org.eclipse.jst.ws.axis2.creation.core - 1.0.200.v201309242118
2016-07-08 15:12:08,106 - org.eclipse.jst.ws.axis2.creation.ui - 1.0.200.v201309242118
2016-07-08 15:12:08,107 - org.eclipse.jst.ws.axis2.ui.doc.user - 1.0.200.v201309242118
2016-07-08 15:12:08,192 - org.eclipse.recommenders.mylyn.rcp - 2.3.0.v20151214-1706
2016-07-08 15:12:08,544 - org.apache.ant - 1.9.6.v201510161327
2016-07-08 15:12:08,544 - org.eclipse.ant.core - 3.4.100.v20160505-0642
2016-07-08 15:12:08,544 - com.jcraft.jsch - 0.1.53.v201508180515
2016-07-08 15:12:08,545 - org.eclipse.compare.core - 3.6.0.v20160418-1534
2016-07-08 15:12:08,546 - org.eclipse.compare - 3.6.0.v20160418-1534
2016-07-08 15:12:08,546 - org.eclipse.compare.win32 - 1.1.0.v20160418-1534
2016-07-08 15:12:08,547 - org.eclipse.core.filebuffers - 3.6.0.v20160503-1849
2016-07-08 15:12:08,548 - org.eclipse.core.filesystem - 1.6.0.v20160503-1608
2016-07-08 15:12:08,548 - org.eclipse.core.net - 1.3.0.v20160418-1534
2016-07-08 15:12:08,548 - org.eclipse.core.net.win32.x86_64 - 1.1.0.v20160323-1650
2016-07-08 15:12:08,549 - org.eclipse.core.resources - 3.11.0.v20160503-1608
2016-07-08 15:12:08,550 - org.eclipse.osgi.util - 3.3.100.v20150423-1351
2016-07-08 15:12:08,551 - org.eclipse.debug.core - 3.10.100.v20160419-1720
2016-07-08 15:12:08,559 - org.eclipse.debug.ui - 3.11.200.v20160518-1858
2016-07-08 15:12:08,560 - org.eclipse.equinox.event - 1.3.200.v20160324-1850
2016-07-08 15:12:08,561 - org.eclipse.ltk.core.refactoring - 3.7.0.v20160419-0705
2016-07-08 15:12:08,621 - org.eclipse.ltk.ui.refactoring - 3.8.0.v20160518-1817
2016-07-08 15:12:08,621 - org.eclipse.platform - 4.6.0.v20160606-1100
2016-07-08 15:12:08,684 - org.eclipse.platform.doc.user - 4.6.0.v20160606-1250
2016-07-08 15:12:08,694 - org.eclipse.search - 3.11.0.v20160519-1501
2016-07-08 15:12:08,695 - org.eclipse.team.core - 3.8.0.v20160418-1534
2016-07-08 15:12:08,731 - org.eclipse.team.ui - 3.8.0.v20160518-1906
2016-07-08 15:12:08,732 - org.eclipse.text - 3.6.0.v20160503-1849
2016-07-08 15:12:08,733 - org.eclipse.jface.text - 3.11.0.v20160505-1301
2016-07-08 15:12:08,733 - org.eclipse.jsch.core - 1.3.0.v20160422-1917
2016-07-08 15:12:08,734 - org.eclipse.jsch.ui - 1.3.0.v20160323-1650
2016-07-08 15:12:08,734 - org.eclipse.ui.console - 3.6.200.v20160518-1858
2016-07-08 15:12:08,774 - org.eclipse.ui.intro - 3.5.0.v20160509-1548
2016-07-08 15:12:08,805 - org.eclipse.ui.intro.universal - 3.3.0.v20160519-1604
2016-07-08 15:12:08,811 - org.eclipse.ui.cheatsheets - 3.5.0.v20160504-0839
2016-07-08 15:12:08,818 - org.eclipse.ui.browser - 3.5.0.v20160518-1929
2016-07-08 15:12:08,819 - org.eclipse.ui.monitoring - 1.1.0.v20160131-1628
2016-07-08 15:12:08,834 - org.eclipse.ui.navigator - 3.6.100.v20160518-1929
2016-07-08 15:12:08,883 - org.eclipse.ui.navigator.resources - 3.5.100.v20160518-1929
2016-07-08 15:12:08,884 - org.eclipse.ui.net - 1.3.0.v20160426-1633
2016-07-08 15:12:08,935 - org.eclipse.ui.workbench.texteditor - 3.10.0.v20160530-2011
2016-07-08 15:12:08,936 - org.eclipse.ui.views - 3.8.100.v20160518-1929
2016-07-08 15:12:08,970 - org.eclipse.ui.editors - 3.10.0.v20160505-0931
2016-07-08 15:12:08,971 - org.eclipse.ui.externaltools - 3.3.100.v20160518-1858
2016-07-08 15:12:09,010 - org.eclipse.ui.ide - 3.12.0.v20160601-1609
2016-07-08 15:12:09,011 - org.eclipse.ui.ide.application - 1.1.100.v20160518-1929
2016-07-08 15:12:09,011 - org.eclipse.ui.win32 - 3.3.0.v20160505-1310
2016-07-08 15:12:09,011 - org.eclipse.core.resources.win32.x86_64 - 3.5.0.v20140124-1940
2016-07-08 15:12:09,011 - org.eclipse.core.filesystem.win32.x86_64 - 1.4.0.v20140124-1940
2016-07-08 15:12:09,012 - org.eclipse.core.variables - 3.3.0.v20160419-1720
2016-07-08 15:12:09,035 - org.eclipse.ui.forms - 3.7.0.v20160518-1929
2016-07-08 15:12:09,036 - org.eclipse.ui.views.properties.tabbed - 3.7.0.v20160310-0903
2016-07-08 15:12:09,036 - org.eclipse.equinox.security - 1.2.200.v20150715-1528
2016-07-08 15:12:09,069 - org.eclipse.equinox.security.ui - 1.1.300.v20150803-1225
2016-07-08 15:12:09,070 - org.eclipse.equinox.security.win32.x86_64 - 1.0.100.v20130327-1442
2016-07-08 15:12:09,071 - org.eclipse.core.externaltools - 1.0.400.v20160509-1057
2016-07-08 15:12:09,071 - org.eclipse.ui.themes - 1.1.100.v20160411-1921
2016-07-08 15:12:09,071 - org.eclipse.core.runtime - 3.12.0.v20160606-1342
2016-07-08 15:12:09,072 - org.eclipse.ui.intro.quicklinks - 1.0.0.v20160515-0255
2016-07-08 15:12:09,146 - org.eclipse.emf.ecore.edit - 2.9.0.v20160526-0356
2016-07-08 15:12:09,147 - org.eclipse.emf.ecore.change.edit - 2.6.0.v20160526-0356
2016-07-08 15:12:09,220 - org.eclipse.sequoyah.vnc.protocol - 2.1.0.N20120718-0509
2016-07-08 15:12:09,234 - org.eclipse.persistence.antlr - 3.2.0.v201302191141
2016-07-08 15:12:09,235 - org.eclipse.persistence.asm - 5.0.1.v201405080102
2016-07-08 15:12:09,236 - org.eclipse.persistence.core - 2.6.0.v20140809-296a69f
2016-07-08 15:12:09,239 - org.eclipse.persistence.jpa - 2.6.0.v20140809-296a69f
2016-07-08 15:12:09,240 - org.eclipse.jpt.jpa.eclipselink.core - 2.4.0.v201601142211
2016-07-08 15:12:09,264 - org.eclipse.jpt.jpa.eclipselink.ui - 2.4.0.v201510091940
2016-07-08 15:12:09,265 - org.eclipse.jpt.jpa.eclipselink.core.ddlgen - 2.2.100.v201510091940
2016-07-08 15:12:09,265 - org.eclipse.jpt.jpa.eclipselink.branding - 3.4.0.v201309202144
2016-07-08 15:12:09,309 - org.eclipse.emf.mapping.ecore - 2.6.0.v20160526-0356
2016-07-08 15:12:09,310 - org.eclipse.emf.mapping.ecore2ecore - 2.9.0.v20160526-0356
2016-07-08 15:12:09,311 - org.eclipse.emf.mapping.ecore2xml - 2.9.0.v20160526-0356
2016-07-08 15:12:09,342 - org.eclipse.datatools.enablement.ingres - 1.1.0.201603142002
2016-07-08 15:12:09,343 - org.eclipse.datatools.enablement.ingres.dbdefinition - 1.1.0.201603142002
2016-07-08 15:12:09,344 - org.eclipse.datatools.enablement.ingres.ui - 1.1.0.201603142002
2016-07-08 15:12:09,344 - org.eclipse.datatools.enablement.finfo - 1.6.0.201603142002
2016-07-08 15:12:09,418 - org.eclipse.andmore.traceview - 0.5.0.201605181018
2016-07-08 15:12:09,532 - org.eclipse.zest.core - 1.5.300.201606061308
2016-07-08 15:12:09,533 - org.eclipse.zest.layouts - 1.1.300.201606061308
2016-07-08 15:12:09,542 - org.eclipse.m2e.logback.configuration - 1.7.0.20160202-2119
2016-07-08 15:12:09,543 - org.eclipse.m2e.logback.appender - 1.7.0.20160202-2119
2016-07-08 15:12:09,584 - org.eclipse.emf.codegen - 2.11.0.v20160526-0356
2016-07-08 15:12:09,695 - org.eclipse.wst.dtd.ui - 1.0.801.v201308100602
2016-07-08 15:12:09,696 - org.eclipse.wst.dtd.ui.infopop - 1.0.400.v201309112106
2016-07-08 15:12:09,697 - org.eclipse.wst.sse.ui.infopop - 1.0.300.v201309112106
2016-07-08 15:12:09,697 - org.eclipse.wst.xml.ui.infopop - 1.0.400.v201309112106
2016-07-08 15:12:09,735 - org.eclipse.wst.sse.ui - 1.3.500.v201605120129
2016-07-08 15:12:09,735 - org.eclipse.wst.xml.ui - 1.1.700.v201604272318
2016-07-08 15:12:09,749 - org.eclipse.wst.xsd.ui - 1.2.600.v201511240159
2016-07-08 15:12:09,800 - org.eclipse.datatools.doc.user - 1.7.0.20090521092446
2016-07-08 15:12:09,801 - org.eclipse.datatools.oda.cshelp - 1.2.0.201603142002
2016-07-08 15:12:09,801 - org.eclipse.datatools.help - 1.6.0.201603142002
2016-07-08 15:12:09,908 - org.eclipse.emf - 2.6.0.v20160526-0356
2016-07-08 15:12:09,944 - org.springframework.ide.eclipse.boot.dash - 3.7.3.201602250914-RELEASE
2016-07-08 15:12:09,945 - org.springframework.ide.eclipse.cloudfoundry.manifest.editor - 3.7.3.201602250914-RELEASE
2016-07-08 15:12:09,945 - org.springframework.ide.eclipse.editor.support - 3.7.3.201602250914-RELEASE
2016-07-08 15:12:10,008 - org.eclipse.draw2d - 3.10.100.201606061308
2016-07-08 15:12:10,083 - org.eclipse.andmore.gldebugger - 0.5.0.201605181018
2016-07-08 15:12:10,137 - org.eclipse.epp.mpc.core - 1.5.0.v20160203-1652
2016-07-08 15:12:10,137 - org.eclipse.epp.mpc.ui - 1.5.0.v20160203-1652
2016-07-08 15:12:10,172 - org.eclipse.epp.mpc.help.ui - 1.5.0.v20151216-1117
2016-07-08 15:12:10,172 - org.apache.httpcomponents.httpclient - 4.3.6.v201511171540
2016-07-08 15:12:10,172 - org.apache.httpcomponents.httpcore - 4.3.3.v201411290715
2016-07-08 15:12:10,201 - org.eclipse.cft.server.rse - 1.0.0.v201602220039
2016-07-08 15:12:10,225 - org.eclipse.cft.server.ui - 1.0.100.v201602220039
2016-07-08 15:12:10,226 - org.eclipse.cft.server.verify.ui - 1.0.0.v201602220039
2016-07-08 15:12:10,226 - org.eclipse.cft.server.branding.ui - 1.0.0.v201602220039
2016-07-08 15:12:10,354 - org.eclipse.cft.server.standalone.ui - 1.0.0.v201602220039
2016-07-08 15:12:10,424 - org.springframework.ide.eclipse.batch - 3.7.3.201602250914-RELEASE
2016-07-08 15:12:10,531 - org.aspectj.runtime - 1.8.9.201602092019
2016-07-08 15:12:10,532 - org.aspectj.ajde - 1.8.9.201602092019
2016-07-08 15:12:10,532 - org.aspectj.weaver - 1.8.9.201602092019
2016-07-08 15:12:10,593 - org.eclipse.dstore.core - 3.4.0.201501311530
2016-07-08 15:12:10,594 - org.eclipse.dstore.extra - 2.1.400.201403100950
2016-07-08 15:12:10,596 - org.eclipse.rse.connectorservice.dstore - 3.1.301.201403100950
2016-07-08 15:12:10,596 - org.eclipse.rse.services.dstore - 3.3.0.201406041609
2016-07-08 15:12:10,597 - org.eclipse.rse.subsystems.files.dstore - 2.1.300.201403100950
2016-07-08 15:12:10,597 - org.eclipse.rse.subsystems.processes.dstore - 2.1.400.201403100950
2016-07-08 15:12:10,598 - org.eclipse.rse.subsystems.shells.dstore - 2.1.400.201403100950
2016-07-08 15:12:10,600 - org.eclipse.rse.dstore.security - 3.0.400.201403100950
2016-07-08 15:12:10,656 - org.eclipse.cdt.gdb - 7.0.0.201606062011
2016-07-08 15:12:10,657 - org.eclipse.cdt.gdb.ui - 7.0.0.201606062011
2016-07-08 15:12:10,692 - org.eclipse.pde - 3.12.0.v20160606-1100
2016-07-08 15:12:10,804 - org.eclipse.pde.build - 3.9.200.v20160204-0642
2016-07-08 15:12:10,805 - org.eclipse.pde.core - 3.11.0.v20160510-1223
2016-07-08 15:12:10,806 - org.eclipse.pde.junit.runtime - 3.5.0.v20151013-0625
2016-07-08 15:12:10,829 - org.eclipse.pde.runtime - 3.5.0.v20160418-1724
2016-07-08 15:12:10,890 - org.eclipse.pde.ui - 3.9.0.v20160525-1830
2016-07-08 15:12:10,930 - org.eclipse.pde.doc.user - 3.12.0.v20160601-2148
2016-07-08 15:12:10,942 - org.eclipse.pde.ui.templates - 3.6.0.v20160424-1948
2016-07-08 15:12:10,943 - org.eclipse.ui.views.log - 1.2.0.v20160418-1724
2016-07-08 15:12:10,943 - org.objectweb.asm - 5.0.1.v201404251740
2016-07-08 15:12:10,943 - org.objectweb.asm.tree - 5.0.1.v201404251740
2016-07-08 15:12:11,015 - org.eclipse.pde.api.tools - 1.1.0.v20160508-0834
2016-07-08 15:12:11,016 - org.eclipse.pde.api.tools.annotations - 1.0.100.v20160418-1724
2016-07-08 15:12:11,027 - org.eclipse.pde.api.tools.ui - 1.1.0.v20160519-0701
2016-07-08 15:12:11,028 - org.eclipse.pde.ds.core - 1.1.0.v20151201-1325
2016-07-08 15:12:11,088 - org.eclipse.pde.ds.ui - 1.1.0.v20160518-1843
2016-07-08 15:12:11,089 - org.eclipse.pde.launching - 3.6.400.v20160121-1248
2016-07-08 15:12:11,091 - org.eclipse.pde.ua.core - 1.0.500.v20160204-0642
2016-07-08 15:12:11,092 - org.eclipse.pde.ua.ui - 1.1.0.v20160518-1843
2016-07-08 15:12:11,092 - org.eclipse.ui.trace - 1.0.400.v20160509-1055
2016-07-08 15:12:11,093 - org.eclipse.pde.ds.annotations - 1.0.0.v20160525-1437
2016-07-08 15:12:11,128 - net.sourceforge.lpg.lpgjavaruntime - 1.1.0.v201004271650
2016-07-08 15:12:11,129 - org.eclipse.datatools.sqltools.parsers.sql.lexer - 1.1.0.201603142002
2016-07-08 15:12:11,129 - org.eclipse.datatools.sqltools.parsers.sql.query - 1.3.0.201603142002
2016-07-08 15:12:11,130 - org.eclipse.datatools.sqltools.parsers.sql.xml.query - 1.1.0.201603142002
2016-07-08 15:12:11,130 - org.eclipse.datatools.sqltools.parsers.sql - 1.1.0.201603142002
2016-07-08 15:12:11,142 - org.eclipse.mylyn.java.ui - 3.18.0.v20151013-1847
2016-07-08 15:12:11,143 - org.eclipse.mylyn.java.tasks - 3.18.0.v20151013-1847
2016-07-08 15:12:11,143 - org.eclipse.mylyn.ide.ui - 3.18.0.v20151013-1847
2016-07-08 15:12:11,143 - org.eclipse.mylyn.ide.ant - 3.18.0.v20151013-1847
2016-07-08 15:12:11,144 - org.eclipse.mylyn.debug.ui - 3.18.0.v20151013-1847
2016-07-08 15:12:11,187 - org.eclipse.m2e.wtp.jaxrs - 1.3.0.20151111-2338
2016-07-08 15:12:11,241 - org.eclipse.datatools.sqltools.sql - 1.1.0.201603142002
2016-07-08 15:12:11,241 - org.eclipse.datatools.sqltools.common.ui - 1.1.0.201603142002
2016-07-08 15:12:11,241 - org.eclipse.datatools.sqltools.plan - 1.1.0.201603142002
2016-07-08 15:12:11,241 - org.eclipse.datatools.sqltools.editor.core - 1.1.0.201603142002
2016-07-08 15:12:11,241 - org.eclipse.datatools.sqltools.sqleditor - 1.1.0.201603142002
2016-07-08 15:12:11,241 - org.eclipse.datatools.sqltools.ddlgen.ui - 1.1.0.201603142002
2016-07-08 15:12:11,241 - org.eclipse.datatools.connectivity.db.generic - 1.1.0.201603142002
2016-07-08 15:12:11,241 - org.eclipse.datatools.sqltools.editor.core.ui - 1.1.0.201603142002
2016-07-08 15:12:11,242 - org.eclipse.datatools.sqltools.sql.ui - 1.1.0.201603142002
2016-07-08 15:12:11,354 - org.eclipse.mylyn.commons.repositories.core - 1.10.0.v20151009-1724
2016-07-08 15:12:11,355 - org.eclipse.mylyn.commons.repositories.ui - 1.10.0.v20151116-1930
2016-07-08 15:12:11,421 - org.eclipse.andmore.android.common - 0.5.0.201605181018
2016-07-08 15:12:11,467 - org.eclipse.andmore.android.codeutils - 0.5.0.201605181018
2016-07-08 15:12:11,467 - org.eclipse.andmore.android.translation - 0.5.0.201605181018
2016-07-08 15:12:11,468 - org.eclipse.andmore.android.codesnippets - 0.5.0.201605181018
2016-07-08 15:12:11,469 - org.eclipse.andmore.android.db.core - 0.5.0.201605181018
2016-07-08 15:12:11,469 - org.eclipse.andmore.android.logger - 0.5.0.201605181018
2016-07-08 15:12:11,470 - org.eclipse.andmore.android - 0.5.0.201605181018
2016-07-08 15:12:11,471 - org.eclipse.andmore.android.emulator - 0.5.0.201605181018
2016-07-08 15:12:11,472 - org.eclipse.andmore.android.launch - 0.5.0.201605181018
2016-07-08 15:12:11,472 - org.eclipse.andmore.android.packaging.ui - 0.5.0.201605181018
2016-07-08 15:12:11,473 - org.eclipse.andmore.android.handset - 0.5.0.201605181018
2016-07-08 15:12:11,473 - org.eclipse.andmore.android.remote - 0.5.0.201605181018
2016-07-08 15:12:11,474 - org.eclipse.andmore.android.win32.x86_64 - 0.5.0.201605181018
2016-07-08 15:12:11,474 - org.eclipse.andmore.android.mat - 0.5.0.201605181018
2016-07-08 15:12:11,475 - org.eclipse.andmore.android.devices.services - 0.5.0.201605181018
2016-07-08 15:12:11,475 - org.eclipse.andmore.android.db.devices - 0.5.0.201605181018
2016-07-08 15:12:11,476 - org.eclipse.andmore.android.installer - 0.5.0.201605181018
2016-07-08 15:12:11,476 - org.eclipse.andmore.android.logger.collector - 0.5.0.201605181018
2016-07-08 15:12:11,492 - org.apache.commons.net - 3.2.0.v201305141515
2016-07-08 15:12:11,492 - org.eclipse.rse.services.files.ftp - 3.0.500.201403100950
2016-07-08 15:12:11,494 - org.eclipse.rse.subsystems.files.ftp - 2.2.0.201403100950
2016-07-08 15:12:11,623 - org.eclipse.rse.useractions - 1.1.500.201403100950
2016-07-08 15:12:11,648 - org.eclipse.mylyn.monitor.core - 3.18.0.v20151009-1724
2016-07-08 15:12:11,648 - org.eclipse.mylyn.monitor.ui - 3.18.0.v20151009-1724
2016-07-08 15:12:11,687 - org.eclipse.ajdt.core - 2.2.4.201602092019
2016-07-08 15:12:11,715 - org.eclipse.contribution.visualiser - 2.2.4.201602092019
2016-07-08 15:12:11,725 - org.eclipse.ajdt.ui - 2.2.4.201602092019
2016-07-08 15:12:11,738 - org.eclipse.ajdt.examples - 2.2.4.201602092019
2016-07-08 15:12:11,739 - org.eclipse.aspectj - 2.2.4.201602092019
2016-07-08 15:12:11,739 - org.eclipse.ajdt.doc.user - 2.2.4.201602092019
2016-07-08 15:12:11,740 - org.eclipse.ajdt.mylyn.ui - 2.2.4.201602092019
2016-07-08 15:12:11,740 - org.eclipse.contribution.weaving.jdt - 2.2.4.201602092019
2016-07-08 15:12:11,741 - org.eclipse.contribution.xref.ui - 2.2.4.201602092019
2016-07-08 15:12:11,741 - org.eclipse.contribution.xref.core - 2.2.4.201602092019
2016-07-08 15:12:11,779 - org.eclipse.tm.terminal.control - 4.0.0.201505221029
2016-07-08 15:12:11,794 - org.eclipse.sequoyah.vnc.vncviewer - 2.1.0.N20120718-0509
2016-07-08 15:12:11,838 - org.springframework.ide.eclipse.data.core - 3.7.3.201602250914-RELEASE
2016-07-08 15:12:11,838 - org.springframework.data.core - 1.9.1.20150106-RELEASE
2016-07-08 15:12:11,894 - org.springframework.ide.eclipse.boot - 3.7.3.201602250914-RELEASE
2016-07-08 15:12:11,894 - org.springframework.ide.eclipse.boot.launch - 3.7.3.201602250914-RELEASE
2016-07-08 15:12:11,894 - org.springframework.ide.eclipse.boot.properties.editor - 3.7.3.201602250914-RELEASE
2016-07-08 15:12:11,894 - org.springframework.ide.eclipse.boot.properties.editor.yaml - 3.7.3.201602250914-RELEASE
2016-07-08 15:12:11,894 - org.springframework.ide.eclipse.editor.support - 3.7.3.201602250914-RELEASE
2016-07-08 15:12:11,952 - org.eclipse.emf.codegen.ecore.ui - 2.12.0.v20160526-0356
2016-07-08 15:12:12,012 - org.eclipse.emf.ecore.editor - 2.12.0.v20160526-0356
2016-07-08 15:12:12,025 - org.sonatype.m2e.mavenarchiver - 0.17.0.201502101659-signed-20150525172209
2016-07-08 15:12:12,047 - org.eclipse.mylyn.context.core - 3.18.0.v20151013-1847
2016-07-08 15:12:12,103 - org.eclipse.mylyn.context.ui - 3.18.0.v20151014-2324
2016-07-08 15:12:12,103 - org.eclipse.mylyn.resources.ui - 3.18.0.v20151013-1847
2016-07-08 15:12:12,104 - org.eclipse.mylyn.context.tasks.ui - 3.18.0.v20151013-1847
2016-07-08 15:12:12,163 - org.eclipse.datatools.enablement.oracle.dbdefinition - 1.1.0.201603142002
2016-07-08 15:12:12,164 - org.eclipse.datatools.enablement.oracle - 1.1.0.201603142002
2016-07-08 15:12:12,164 - org.eclipse.datatools.enablement.oracle.ui - 1.1.0.201603142002
2016-07-08 15:12:12,164 - org.eclipse.datatools.enablement.finfo - 1.6.0.201603142002
2016-07-08 15:12:12,184 - org.eclipse.emf.databinding - 1.3.0.v20160526-0356
2016-07-08 15:12:12,225 - org.eclipse.datatools.enablement.sap.maxdb.dbdefinition - 1.1.0.201603142002
2016-07-08 15:12:12,227 - org.eclipse.datatools.enablement.sap.maxdb - 1.1.0.201603142002
2016-07-08 15:12:12,228 - org.eclipse.datatools.enablement.sap.maxdb.ui - 1.1.0.201603142002
2016-07-08 15:12:12,228 - org.eclipse.datatools.enablement.finfo - 1.6.0.201603142002
2016-07-08 15:12:12,266 - java_cup.runtime - 0.10.0.v201005080400
2016-07-08 15:12:12,266 - org.apache.xerces - 2.9.0.v201101211617
2016-07-08 15:12:12,267 - org.eclipse.wst.xml.xpath2.processor - 2.1.101.v201409111854
2016-07-08 15:12:12,267 - org.eclipse.wst.xml.xpath2.wtptypes - 2.0.0.v201208081543
2016-07-08 15:12:12,267 - org.eclipse.wst.xml.xpath2 - 1.1.0.v201309251557
2016-07-08 15:12:12,268 - org.eclipse.wst.xml.xpath2.processor.doc.user - 2.0.0.v201209212251
